SQL> select StoreCode, Description, Price, Quantity, (Price*Quantity)
  2  from Stocks
  3  order by StoreCode, Description;


                                    Current Stock Value by Store                                    
                                                                                                    
                                       prepared by CharlieWebb                                      
                                                                                                    
                                             01-Dec-2019                                            
                                                                                                    
                                                                                                    
                                                                                                    
Store         Item                                                                                  
Code          Descript            Price      Quantity            Value                              
========      ========      ===========      ========      ===========                              
CENT          12 inch              $.22            23            $5.06                              
              rulers                                                                                
                                                                                                    
                                                                                                    
              A4 heade            $4.11            17           $69.87                              
              d paper                                                                               
                                                                                                    
                                                                                                    
              Black ba            $2.42             6           $14.52                              
              llpoints                                                                              
                                                                                                    
                                                                                                    
              Drawing              $.47            37           $17.39                              
              pins                                                                                  
                                                                                                    
                                                                                                    
              Fluoresc            $1.89             2            $3.78                              
              ent mark                                                                              
              ers                                                                                   
                                                                                                    
                                                                                                    
              HB penci            $1.97            22           $43.34                              
              ls                                                                                    
                                                                                                    
                                                                                                    
              Photocop            $2.98            30           $89.40                              
              ying pap                                                                              
              er                                                                                    
                                                                                                    
                                                                                                    
              Sellotap             $.45            21            $9.45                              
              e                                                                                     
                                                                                                    
                                                                                                    
              Staples              $.42            11            $4.62                              
                                                                                                    
              Tipp-ex              $.81            35           $28.35                              
              bottles                                                                               
                                                                                                    
                                                                                                    
              Window e            $2.15            22           $47.30                              
              nvelopes                                                                              
                                                                                                    
                                                                                                    
********      ********                                     -----------                              
sum                                                            $333.08                              
                                                   1                                                


                                    Current Stock Value by Store                                    
                                                                                                    
                                       prepared by CharlieWebb                                      
                                                                                                    
                                             01-Dec-2019                                            
                                                                                                    
                                                                                                    
                                                                                                    
Store         Item                                                                                  
Code          Descript            Price      Quantity            Value                              
========      ========      ===========      ========      ===========                              
                                                                                                    
                                                                                                    
IT            3.5 in.            $12.85            14          $179.90                              
              floppy d                                                                              
              isks                                                                                  
                                                                                                    
                                                                                                    
              5.25 in.           $11.38            32          $364.16                              
               floppy                                                                               
              disks                                                                                 
                                                                                                    
                                                                                                    
              Anti-sta            $4.95            18           $89.10                              
              tic wipe                                                                              
              s                                                                                     
                                                                                                    
                                                                                                    
              Toner ca           $32.99             7          $230.93                              
              rtridges                                                                              
                                                                                                    
                                                                                                    
********      ********                                     -----------                              
sum                                                            $864.09                              
                                                                                                    
                                                                                                    
LEG           A3 cream            $7.85            21          $164.85                              
               notary                                                                               
              paper                                                                                 
                                                                                                    
                                                                                                    
              Coloured            $3.48            22           $76.56                              
               ink                                                                                  
                                                                                                    
                                                                                                    
              Coloured            $3.65            17           $62.05                              
               pens                                                                                 
                                                                                                    
                                                                                                    
              Large en            $2.57             8           $20.56                              
              velopes                                                                               
                                                                                                    
                                                                                                    
              Red bind            $6.47            13           $84.11                              
              ing ribb                                                                              
              on                                                                                    
                                                                                                    
                                                   2                                                


                                    Current Stock Value by Store                                    
                                                                                                    
                                       prepared by CharlieWebb                                      
                                                                                                    
                                             01-Dec-2019                                            
                                                                                                    
                                                                                                    
                                                                                                    
Store         Item                                                                                  
Code          Descript            Price      Quantity            Value                              
========      ========      ===========      ========      ===========                              
                                                                                                    
LEG           Sealing             $7.99             9           $71.91                              
              wax                                                                                   
                                                                                                    
                                                                                                    
********      ********                                     -----------                              
sum                                                            $480.04                              
                                                                                                    
                                                                                                    
TYP           Audio ca            $8.58             8           $68.64                              
              ssettes                                                                               
                                                                                                    
                                                                                                    
              Coloured            $5.15            13           $66.95                              
               paper                                                                                
                                                                                                    
                                                                                                    
              FX-100 p           $23.99            25          $599.75                              
              rinter r                                                                              
              ibbon                                                                                 
                                                                                                    
                                                                                                    
              Sticky l            $4.83            45          $217.35                              
              abels                                                                                 
                                                                                                    
                                                                                                    
              Typewrit            $6.19            16           $99.04                              
              er ribbo                                                                              
              ns                                                                                    
                                                                                                    
                                                                                                    
********      ********                                     -----------                              
sum                                                           $1051.73                              
                                                                                                    
                                                                                                    
WORK          10 x 1 i            $1.35            13           $17.55                              
              nch wood                                                                              
               screws                                                                               
                                                                                                    
                                                                                                    
              13 amp e            $1.84            22           $40.48                              
              lectrica                                                                              
              l wire                                                                                
                                                                                                    
                                                                                                    
              8 x 1 in            $2.85             8           $22.80                              
                                                   3                                                


                                    Current Stock Value by Store                                    
                                                                                                    
                                       prepared by CharlieWebb                                      
                                                                                                    
                                             01-Dec-2019                                            
                                                                                                    
                                                                                                    
                                                                                                    
Store         Item                                                                                  
Code          Descript            Price      Quantity            Value                              
========      ========      ===========      ========      ===========                              
              ch wood                                                                               
              screws                                                                                
                                                                                                    
                                                                                                    
WORK          Angle br            $2.85            18           $51.30                              
              ackets                                                                                
                                                                                                    
                                                                                                    
              Door hin            $2.14            24           $51.36                              
              ges                                                                                   
                                                                                                    
                                                                                                    
              Electric            $1.59            11           $17.49                              
              al solde                                                                              
              r                                                                                     
                                                                                                    
                                                                                                    
              Masking              $.49             8            $3.92                              
              tape                                                                                  
                                                                                                    
                                                                                                    
              White sp             $.98             6            $5.88                              
              irit                                                                                  
                                                                                                    
                                                                                                    
********      ********                                     -----------                              
sum                                                            $210.78                              
                                                                                                    
                                                                                                    
                                                           -----------                              
sum                                                           $2939.72                              















                                                   4                                                
SQL> spool off;
